2026-02-12 14:52:04,015 |django.server                       |:249  [WARNING ] - "GET / HTTP/1.1" 404 3164
2026-02-12 14:52:04,055 |django.server                       |:249  [WARNING ] - "GET /favicon.ico HTTP/1.1" 404 3215
2026-02-12 14:53:17,067 |django.server                       |:249  [WARNING ] - "GET / HTTP/1.1" 404 3164
2026-02-12 14:53:25,953 |django.server                       |:249  [INFO    ] - "GET /api/v2 HTTP/1.1" 301 0
2026-02-12 14:53:25,979 |django.server                       |:249  [INFO    ] - "GET /api/v2/ HTTP/1.1" 200 5708
2026-02-12 14:53:26,040 |django.server                       |:249  [INFO    ] - "GET /static/rest_framework/css/bootstrap-tweaks.css HTTP/1.1" 200 3426
2026-02-12 14:53:26,042 |django.server                       |:249  [INFO    ] - "GET /static/rest_framework/css/prettify.css HTTP/1.1" 200 817
2026-02-12 14:53:26,044 |django.server                       |:249  [INFO    ] - "GET /static/rest_framework/css/default.css HTTP/1.1" 200 1152
2026-02-12 14:53:26,045 |django.server                       |:249  [INFO    ] - "GET /static/rest_framework/js/csrf.js HTTP/1.1" 200 1793
2026-02-12 14:53:26,045 |django.server                       |:249  [INFO    ] - "GET /static/rest_framework/js/ajax-form.js HTTP/1.1" 200 3796
2026-02-12 14:53:26,046 |django.server                       |:249  [INFO    ] - "GET /static/rest_framework/css/bootstrap.min.css HTTP/1.1" 200 121457
2026-02-12 14:53:26,047 |django.server                       |:249  [INFO    ] - "GET /static/rest_framework/js/prettify-min.js HTTP/1.1" 200 13632
2026-02-12 14:53:26,047 |django.server                       |:249  [INFO    ] - "GET /static/rest_framework/js/bootstrap.min.js HTTP/1.1" 200 39680
2026-02-12 14:53:26,047 |django.server                       |:249  [INFO    ] - "GET /static/rest_framework/js/default.js HTTP/1.1" 200 1268
2026-02-12 14:53:26,049 |django.server                       |:249  [INFO    ] - "GET /static/rest_framework/js/jquery-3.7.1.min.js HTTP/1.1" 200 87533
2026-02-12 14:53:26,049 |django.server                       |:249  [INFO    ] - "GET /static/rest_framework/js/load-ajax-form.js HTTP/1.1" 200 59
2026-02-12 14:53:26,100 |django.server                       |:249  [INFO    ] - "GET /static/rest_framework/img/grid.png HTTP/1.1" 200 1458
2026-02-12 14:53:27,899 |django.server                       |:249  [INFO    ] - "GET /api/v2/salon/ HTTP/1.1" 200 7025
2026-02-12 14:57:59,413 |django.server                       |:249  [WARNING ] - "GET / HTTP/1.1" 404 3164
2026-02-12 14:58:05,290 |django.server                       |:249  [INFO    ] - "GET /admin HTTP/1.1" 301 0
2026-02-12 14:58:05,296 |django.server                       |:249  [INFO    ] - "GET /admin/ HTTP/1.1" 302 0
2026-02-12 14:58:05,348 |django.server                       |:249  [INFO    ] - "GET /admin/login/?next=/admin/ HTTP/1.1" 200 4081
2026-02-12 14:58:05,408 |django.server                       |:249  [INFO    ] - "GET /static/admin/css/base.css HTTP/1.1" 200 23100
2026-02-12 14:58:05,409 |django.server                       |:249  [INFO    ] - "GET /static/admin/css/dark_mode.css HTTP/1.1" 200 3538
2026-02-12 14:58:05,410 |django.server                       |:249  [INFO    ] - "GET /static/admin/js/theme.js HTTP/1.1" 200 1653
2026-02-12 14:58:05,410 |django.server                       |:249  [INFO    ] - "GET /static/admin/css/nav_sidebar.css HTTP/1.1" 200 2810
2026-02-12 14:58:05,411 |django.server                       |:249  [INFO    ] - "GET /static/admin/js/nav_sidebar.js HTTP/1.1" 200 3063
2026-02-12 14:58:05,411 |django.server                       |:249  [INFO    ] - "GET /static/admin/css/login.css HTTP/1.1" 200 951
2026-02-12 14:58:05,412 |django.server                       |:249  [INFO    ] - "GET /static/admin/css/responsive.css HTTP/1.1" 200 16273
2026-02-12 14:58:14,717 |django.server                       |:249  [INFO    ] - "POST /admin/login/?next=/admin/ HTTP/1.1" 302 0
2026-02-12 14:58:14,727 |django.server                       |:249  [INFO    ] - "GET /admin/ HTTP/1.1" 200 9952
2026-02-12 14:58:14,786 |django.server                       |:249  [INFO    ] - "GET /static/admin/css/dashboard.css HTTP/1.1" 200 441
2026-02-12 14:58:14,791 |django.server                       |:249  [INFO    ] - "GET /static/admin/img/icon-addlink.svg HTTP/1.1" 200 593
2026-02-12 14:58:14,791 |django.server                       |:249  [INFO    ] - "GET /static/admin/img/icon-changelink.svg HTTP/1.1" 200 978
2026-02-12 14:58:18,361 |django.server                       |:249  [INFO    ] - "GET /admin/main/booking/ HTTP/1.1" 200 31929
2026-02-12 14:58:18,380 |django.server                       |:249  [INFO    ] - "GET /static/admin/js/admin/RelatedObjectLookups.js HTTP/1.1" 200 9777
2026-02-12 14:58:18,380 |django.server                       |:249  [INFO    ] - "GET /static/admin/js/jquery.init.js HTTP/1.1" 200 347
2026-02-12 14:58:18,380 |django.server                       |:249  [INFO    ] - "GET /static/admin/js/core.js HTTP/1.1" 200 6208
2026-02-12 14:58:18,381 |django.server                       |:249  [INFO    ] - "GET /static/admin/css/changelists.css HTTP/1.1" 200 7498
2026-02-12 14:58:18,384 |django.server                       |:249  [INFO    ] - "GET /static/admin/js/prepopulate.js HTTP/1.1" 200 1531
2026-02-12 14:58:18,385 |django.server                       |:249  [INFO    ] - "GET /static/admin/js/actions.js HTTP/1.1" 200 8076
2026-02-12 14:58:18,385 |django.server                       |:249  [INFO    ] - "GET /static/admin/js/urlify.js HTTP/1.1" 200 7887
2026-02-12 14:58:18,385 |django.server                       |:249  [INFO    ] - "GET /admin/jsi18n/ HTTP/1.1" 200 3342
2026-02-12 14:58:18,386 |django.server                       |:249  [INFO    ] - "GET /static/admin/js/vendor/jquery/jquery.js HTTP/1.1" 200 285314
2026-02-12 14:58:18,387 |django.server                       |:249  [INFO    ] - "GET /static/admin/js/vendor/xregexp/xregexp.js HTTP/1.1" 200 325171
2026-02-12 14:58:18,421 |django.server                       |:249  [INFO    ] - "GET /static/admin/js/filters.js HTTP/1.1" 200 978
2026-02-12 14:58:18,428 |django.server                       |:249  [INFO    ] - "GET /static/admin/img/search.svg HTTP/1.1" 200 607
2026-02-12 14:58:18,448 |django.server                       |:249  [INFO    ] - "GET /static/admin/img/icon-viewlink.svg HTTP/1.1" 200 928
2026-02-12 14:58:18,448 |django.server                       |:249  [INFO    ] - "GET /static/admin/img/tooltag-add.svg HTTP/1.1" 200 593
2026-02-12 14:58:28,473 |django.server                       |:249  [INFO    ] - "GET /api/v2/ HTTP/1.1" 200 5708
2026-02-12 14:58:28,493 |django.server                       |:249  [INFO    ] - "GET /static/rest_framework/css/bootstrap.min.css HTTP/1.1" 304 0
2026-02-12 14:58:28,493 |django.server                       |:249  [INFO    ] - "GET /static/rest_framework/css/prettify.css HTTP/1.1" 304 0
2026-02-12 14:58:28,493 |django.server                       |:249  [INFO    ] - "GET /static/rest_framework/js/jquery-3.7.1.min.js HTTP/1.1" 304 0
2026-02-12 14:58:28,493 |django.server                       |:249  [INFO    ] - "GET /static/rest_framework/css/bootstrap-tweaks.css HTTP/1.1" 304 0
2026-02-12 14:58:28,494 |django.server                       |:249  [INFO    ] - "GET /static/rest_framework/css/default.css HTTP/1.1" 304 0
2026-02-12 14:58:28,494 |django.server                       |:249  [INFO    ] - "GET /static/rest_framework/js/ajax-form.js HTTP/1.1" 304 0
2026-02-12 14:58:28,494 |django.server                       |:249  [INFO    ] - "GET /static/rest_framework/js/csrf.js HTTP/1.1" 304 0
2026-02-12 14:58:28,495 |django.server                       |:249  [INFO    ] - "GET /static/rest_framework/js/bootstrap.min.js HTTP/1.1" 304 0
2026-02-12 14:58:28,496 |django.server                       |:249  [INFO    ] - "GET /static/rest_framework/js/prettify-min.js HTTP/1.1" 304 0
2026-02-12 14:58:28,496 |django.server                       |:249  [INFO    ] - "GET /static/rest_framework/js/default.js HTTP/1.1" 304 0
2026-02-12 14:58:28,497 |django.server                       |:249  [INFO    ] - "GET /static/rest_framework/js/load-ajax-form.js HTTP/1.1" 304 0
2026-02-12 14:58:28,547 |django.server                       |:249  [INFO    ] - "GET /static/rest_framework/img/grid.png HTTP/1.1" 304 0
2026-02-12 14:58:30,051 |apps.main.views                     |:395  [INFO    ] - Booking list requested
2026-02-12 14:58:30,093 |django.server                       |:249  [INFO    ] - "GET /api/v2/booking/ HTTP/1.1" 200 40303
2026-02-12 15:00:34,160 |django.server                       |:249  [WARNING ] - "GET / HTTP/1.1" 404 179
2026-02-12 19:15:33,023 |django.server                       |:249  [WARNING ] - "GET / HTTP/1.1" 404 3164
2026-02-12 19:15:40,401 |django.server                       |:249  [INFO    ] - "GET /api/v2/ HTTP/1.1" 200 5869
2026-02-12 19:15:40,468 |django.server                       |:249  [INFO    ] - "GET /static/rest_framework/css/bootstrap.min.css HTTP/1.1" 304 0
2026-02-12 19:15:40,468 |django.server                       |:249  [INFO    ] - "GET /static/rest_framework/css/bootstrap-tweaks.css HTTP/1.1" 304 0
2026-02-12 19:15:40,470 |django.server                       |:249  [INFO    ] - "GET /static/rest_framework/css/prettify.css HTTP/1.1" 304 0
2026-02-12 19:15:40,471 |django.server                       |:249  [INFO    ] - "GET /static/rest_framework/css/default.css HTTP/1.1" 304 0
2026-02-12 19:15:40,473 |django.server                       |:249  [INFO    ] - "GET /static/rest_framework/js/csrf.js HTTP/1.1" 304 0
2026-02-12 19:15:40,473 |django.server                       |:249  [INFO    ] - "GET /static/rest_framework/js/jquery-3.7.1.min.js HTTP/1.1" 304 0
2026-02-12 19:15:40,473 |django.server                       |:249  [INFO    ] - "GET /static/rest_framework/js/ajax-form.js HTTP/1.1" 304 0
2026-02-12 19:15:40,474 |django.server                       |:249  [INFO    ] - "GET /static/rest_framework/js/bootstrap.min.js HTTP/1.1" 304 0
2026-02-12 19:15:40,477 |django.server                       |:249  [INFO    ] - "GET /static/rest_framework/js/prettify-min.js HTTP/1.1" 304 0
2026-02-12 19:15:40,477 |django.server                       |:249  [INFO    ] - "GET /static/rest_framework/js/default.js HTTP/1.1" 304 0
2026-02-12 19:15:40,480 |django.server                       |:249  [INFO    ] - "GET /static/rest_framework/js/load-ajax-form.js HTTP/1.1" 304 0
2026-02-12 19:15:40,505 |django.server                       |:249  [INFO    ] - "GET /static/rest_framework/img/grid.png HTTP/1.1" 304 0
2026-02-12 19:15:42,172 |django.server                       |:249  [WARNING ] - "GET /api/v2/work-schedule/ HTTP/1.1" 401 5260
2026-02-12 19:16:07,270 |django.server                       |:249  [WARNING ] - "GET /api/v2/booking/ HTTP/1.1" 401 5194
2026-02-12 19:16:11,279 |django.server                       |:249  [INFO    ] - "GET /api/v2/service/ HTTP/1.1" 200 22225
2026-02-12 19:16:19,924 |django.server                       |:249  [WARNING ] - "GET /api/v2/master/ HTTP/1.1" 401 5183
2026-02-12 19:16:24,233 |django.server                       |:249  [INFO    ] - "GET /api/v2/salon/ HTTP/1.1" 200 45457
2026-02-12 19:16:32,070 |django.server                       |:249  [WARNING ] - "GET /api/v2/booking/ HTTP/1.1" 401 5194
2026-02-12 19:16:44,884 |django.server                       |:249  [INFO    ] - "GET /api/v2/ HTTP/1.1" 200 5869
2026-02-12 19:16:48,044 |django.server                       |:249  [INFO    ] - "GET /api/v2/ HTTP/1.1" 200 5869
2026-02-12 19:16:53,401 |django.server                       |:249  [INFO    ] - "GET /api/v1 HTTP/1.1" 301 0
2026-02-12 19:16:53,412 |django.server                       |:249  [INFO    ] - "GET /api/v1/ HTTP/1.1" 200 5282
2026-02-12 19:17:01,042 |django.server                       |:249  [WARNING ] - "GET /api/v1/register HTTP/1.1" 404 9949
2026-02-12 19:17:13,657 |django.server                       |:249  [WARNING ] - "GET /api/v1/auth HTTP/1.1" 404 9937
2026-02-12 19:17:21,333 |django.server                       |:249  [INFO    ] - "GET /api/v1/auth/register HTTP/1.1" 301 0
2026-02-12 19:17:21,360 |django.server                       |:249  [WARNING ] - "GET /api/v1/auth/register/ HTTP/1.1" 405 6386
2026-02-12 19:18:48,994 |django.server                       |:249  [ERROR   ] - "POST /api/v1/auth/register/ HTTP/1.1" 500 120423
2026-02-12 19:20:24,234 |django.server                       |:249  [WARNING ] - "GET / HTTP/1.1" 404 3164
2026-02-12 19:20:33,431 |django.server                       |:249  [INFO    ] - "GET /api/schema HTTP/1.1" 301 0
2026-02-12 19:20:33,510 |django.server                       |:249  [INFO    ] - "GET /api/schema/ HTTP/1.1" 200 23950
2026-02-12 19:20:44,521 |django.server                       |:249  [INFO    ] - "GET /api/schema/swagger HTTP/1.1" 301 0
2026-02-12 19:20:44,535 |django.server                       |:249  [INFO    ] - "GET /api/schema/swagger/ HTTP/1.1" 200 4647
2026-02-12 19:20:45,904 |django.server                       |:249  [INFO    ] - "GET /api/schema/ HTTP/1.1" 200 51679
2026-02-12 19:21:54,694 |django.server                       |:249  [INFO    ] - "GET /api/v2/analytics/top-masters HTTP/1.1" 301 0
2026-02-12 19:21:54,704 |django.server                       |:249  [WARNING ] - "GET /api/v2/analytics/top-masters/ HTTP/1.1" 401 5252
2026-02-12 19:22:11,747 |django.server                       |:249  [WARNING ] - "GET /api/v2/analytics/top-masters/ HTTP/1.1" 401 5252
2026-02-25 17:07:33,875 |django.server                       |:212  [WARNING ] - "GET / HTTP/1.1" 404 2918
2026-02-25 17:07:42,042 |django.server                       |:212  [INFO    ] - "GET /api/v2 HTTP/1.1" 301 0
2026-02-25 17:07:42,077 |django.server                       |:212  [INFO    ] - "GET /api/v2/ HTTP/1.1" 200 10641
2026-02-25 17:07:44,423 |django.server                       |:212  [WARNING ] - "GET /api/v2/master/ HTTP/1.1" 401 9955
