2026-02-12 14:52:04,015 [WARNING ] - Not Found: /
2026-02-12 14:52:04,055 [WARNING ] - Not Found: /favicon.ico
2026-02-12 14:53:17,066 [WARNING ] - Not Found: /
2026-02-12 14:57:59,413 [WARNING ] - Not Found: /
2026-02-12 15:00:34,159 [WARNING ] - Not Found: /
2026-02-12 19:15:33,022 [WARNING ] - Not Found: /
2026-02-12 19:15:42,172 [WARNING ] - Unauthorized: /api/v2/work-schedule/
2026-02-12 19:16:07,269 [WARNING ] - Unauthorized: /api/v2/booking/
2026-02-12 19:16:19,924 [WARNING ] - Unauthorized: /api/v2/master/
2026-02-12 19:16:32,070 [WARNING ] - Unauthorized: /api/v2/booking/
2026-02-12 19:17:01,042 [WARNING ] - Not Found: /api/v1/register
2026-02-12 19:17:13,656 [WARNING ] - Not Found: /api/v1/auth
2026-02-12 19:17:21,360 [WARNING ] - Method Not Allowed: /api/v1/auth/register/
2026-02-12 19:18:48,990 [ERROR   ] - Internal Server Error: /api/v1/auth/register/
Traceback (most recent call last):
  File "/home/akoncore/BookingSystem/backend/venv/lib/python3.12/site-packages/django/core/handlers/exception.py", line 55, in inner
    response = get_response(request)
               ^^^^^^^^^^^^^^^^^^^^^
  File "/home/akoncore/BookingSystem/backend/venv/lib/python3.12/site-packages/django/core/handlers/base.py", line 198, in _get_response
    response = wrapped_callback(request, *callback_args, **callback_kwargs)
               ^^^^^^^^^^^^^^^^^^^^^^^^^^^^^^^^^^^^^^^^^^^^^^^^^^^^^^^^^^^^
  File "/home/akoncore/BookingSystem/backend/venv/lib/python3.12/site-packages/django/views/decorators/csrf.py", line 65, in _view_wrapper
    return view_func(request, *args, **kwargs)
           ^^^^^^^^^^^^^^^^^^^^^^^^^^^^^^^^^^^
  File "/home/akoncore/BookingSystem/backend/venv/lib/python3.12/site-packages/rest_framework/viewsets.py", line 125, in view
    return self.dispatch(request, *args, **kwargs)
           ^^^^^^^^^^^^^^^^^^^^^^^^^^^^^^^^^^^^^^^
  File "/home/akoncore/BookingSystem/backend/venv/lib/python3.12/site-packages/rest_framework/views.py", line 515, in dispatch
    response = self.handle_exception(exc)
               ^^^^^^^^^^^^^^^^^^^^^^^^^^
  File "/home/akoncore/BookingSystem/backend/venv/lib/python3.12/site-packages/rest_framework/views.py", line 475, in handle_exception
    self.raise_uncaught_exception(exc)
  File "/home/akoncore/BookingSystem/backend/venv/lib/python3.12/site-packages/rest_framework/views.py", line 486, in raise_uncaught_exception
    raise exc
  File "/home/akoncore/BookingSystem/backend/venv/lib/python3.12/site-packages/rest_framework/views.py", line 512, in dispatch
    response = handler(request, *args, **kwargs)
               ^^^^^^^^^^^^^^^^^^^^^^^^^^^^^^^^^
  File "/home/akoncore/BookingSystem/backend/apps/auths/views.py", line 40, in register
    logger.info(f'Register: {serializer.data}')
                             ^^^^^^^^^^^^^^^
  File "/home/akoncore/BookingSystem/backend/venv/lib/python3.12/site-packages/rest_framework/serializers.py", line 573, in data
    ret = super().data
          ^^^^^^^^^^^^
  File "/home/akoncore/BookingSystem/backend/venv/lib/python3.12/site-packages/rest_framework/serializers.py", line 247, in data
    raise AssertionError(msg)
AssertionError: When a serializer is passed a `data` keyword argument you must call `.is_valid()` before attempting to access the serialized `.data` representation.
You should either call `.is_valid()` first, or access `.initial_data` instead.
2026-02-12 19:20:24,234 [WARNING ] - Not Found: /
2026-02-12 19:21:54,704 [WARNING ] - Unauthorized: /api/v2/analytics/top-masters/
2026-02-12 19:22:11,746 [WARNING ] - Unauthorized: /api/v2/analytics/top-masters/
2026-02-25 17:07:33,866 [WARNING ] - Not Found: /
2026-02-25 17:07:44,423 [WARNING ] - Unauthorized: /api/v2/master/
